{"/home/richicoderlinux/Desktop/richiCalculator/src/calculation.js": {"path":"/home/richicoderlinux/Desktop/richiCalculator/src/calculation.js","all":false,"statementMap":{"0":{"start":{"line":1,"column":0},"end":{"line":1,"column":37}},"1":{"start":{"line":2,"column":0},"end":{"line":2,"column":45}},"2":{"start":{"line":3,"column":0},"end":{"line":3,"column":51}},"3":{"start":{"line":4,"column":0},"end":{"line":4,"column":2}},"4":{"start":{"line":5,"column":0},"end":{"line":5,"column":33}},"5":{"start":{"line":6,"column":0},"end":{"line":6,"column":19}},"6":{"start":{"line":7,"column":0},"end":{"line":7,"column":25}},"7":{"start":{"line":8,"column":0},"end":{"line":8,"column":25}},"8":{"start":{"line":9,"column":0},"end":{"line":9,"column":32}},"9":{"start":{"line":10,"column":0},"end":{"line":10,"column":3}},"10":{"start":{"line":11,"column":0},"end":{"line":11,"column":27}},"11":{"start":{"line":12,"column":0},"end":{"line":12,"column":24}},"12":{"start":{"line":13,"column":0},"end":{"line":13,"column":43}},"13":{"start":{"line":14,"column":0},"end":{"line":14,"column":3}},"14":{"start":{"line":15,"column":0},"end":{"line":15,"column":30}},"15":{"start":{"line":16,"column":0},"end":{"line":16,"column":21}},"16":{"start":{"line":17,"column":0},"end":{"line":17,"column":69}},"17":{"start":{"line":18,"column":0},"end":{"line":18,"column":75}},"18":{"start":{"line":19,"column":0},"end":{"line":19,"column":19}},"19":{"start":{"line":20,"column":0},"end":{"line":20,"column":25}},"20":{"start":{"line":21,"column":0},"end":{"line":21,"column":20}},"21":{"start":{"line":22,"column":0},"end":{"line":22,"column":21}},"22":{"start":{"line":23,"column":0},"end":{"line":23,"column":39}},"23":{"start":{"line":24,"column":0},"end":{"line":24,"column":14}},"24":{"start":{"line":25,"column":0},"end":{"line":25,"column":29}},"25":{"start":{"line":26,"column":0},"end":{"line":26,"column":93}},"26":{"start":{"line":27,"column":0},"end":{"line":27,"column":89}},"27":{"start":{"line":28,"column":0},"end":{"line":28,"column":82}},"28":{"start":{"line":29,"column":0},"end":{"line":29,"column":96}},"29":{"start":{"line":30,"column":0},"end":{"line":30,"column":38}},"30":{"start":{"line":31,"column":0},"end":{"line":31,"column":7}},"31":{"start":{"line":32,"column":0},"end":{"line":32,"column":39}},"32":{"start":{"line":33,"column":0},"end":{"line":33,"column":20}},"33":{"start":{"line":34,"column":0},"end":{"line":34,"column":29}},"34":{"start":{"line":35,"column":0},"end":{"line":35,"column":99}},"35":{"start":{"line":36,"column":0},"end":{"line":36,"column":91}},"36":{"start":{"line":37,"column":0},"end":{"line":37,"column":90}},"37":{"start":{"line":38,"column":0},"end":{"line":38,"column":116}},"38":{"start":{"line":39,"column":0},"end":{"line":39,"column":7}},"39":{"start":{"line":40,"column":0},"end":{"line":40,"column":34}},"40":{"start":{"line":41,"column":0},"end":{"line":41,"column":14}},"41":{"start":{"line":42,"column":0},"end":{"line":42,"column":70}},"42":{"start":{"line":43,"column":0},"end":{"line":43,"column":52}},"43":{"start":{"line":44,"column":0},"end":{"line":44,"column":60}},"44":{"start":{"line":45,"column":0},"end":{"line":45,"column":40}},"45":{"start":{"line":46,"column":0},"end":{"line":46,"column":12}},"46":{"start":{"line":47,"column":0},"end":{"line":47,"column":110}},"47":{"start":{"line":48,"column":0},"end":{"line":48,"column":1}},"48":{"start":{"line":49,"column":0},"end":{"line":49,"column":58}},"49":{"start":{"line":50,"column":0},"end":{"line":50,"column":32}},"50":{"start":{"line":51,"column":0},"end":{"line":51,"column":4}},"51":{"start":{"line":52,"column":0},"end":{"line":52,"column":38}},"52":{"start":{"line":53,"column":0},"end":{"line":53,"column":3}}},"s":{"0":1,"1":4,"2":4,"3":4,"4":4,"5":4,"6":4,"7":4,"8":4,"9":4,"10":4,"11":4,"12":0,"13":0,"14":4,"15":4,"16":4,"17":4,"18":4,"19":4,"20":4,"21":4,"22":4,"23":4,"24":4,"25":3,"26":5,"27":5,"28":5,"29":5,"30":5,"31":4,"32":4,"33":4,"34":3,"35":5,"36":5,"37":5,"38":5,"39":4,"40":4,"41":4,"42":4,"43":4,"44":4,"45":4,"46":4,"47":4,"48":4,"49":4,"50":4,"51":4,"52":4},"branchMap":{"0":{"type":"branch","line":2,"loc":{"start":{"line":2,"column":-1},"end":{"line":53,"column":3}},"locations":[{"start":{"line":2,"column":-1},"end":{"line":53,"column":3}}]},"1":{"type":"branch","line":12,"loc":{"start":{"line":12,"column":23},"end":{"line":14,"column":3}},"locations":[{"start":{"line":12,"column":23},"end":{"line":14,"column":3}}]},"2":{"type":"branch","line":25,"loc":{"start":{"line":25,"column":28},"end":{"line":32,"column":3}},"locations":[{"start":{"line":25,"column":28},"end":{"line":32,"column":3}}]},"3":{"type":"branch","line":26,"loc":{"start":{"line":26,"column":51},"end":{"line":31,"column":7}},"locations":[{"start":{"line":26,"column":51},"end":{"line":31,"column":7}}]},"4":{"type":"branch","line":29,"loc":{"start":{"line":29,"column":68},"end":{"line":29,"column":78}},"locations":[{"start":{"line":29,"column":68},"end":{"line":29,"column":78}}]},"5":{"type":"branch","line":29,"loc":{"start":{"line":29,"column":79},"end":{"line":29,"column":95}},"locations":[{"start":{"line":29,"column":79},"end":{"line":29,"column":95}}]},"6":{"type":"branch","line":34,"loc":{"start":{"line":34,"column":28},"end":{"line":40,"column":3}},"locations":[{"start":{"line":34,"column":28},"end":{"line":40,"column":3}}]},"7":{"type":"branch","line":35,"loc":{"start":{"line":35,"column":51},"end":{"line":39,"column":7}},"locations":[{"start":{"line":35,"column":51},"end":{"line":39,"column":7}}]},"8":{"type":"branch","line":38,"loc":{"start":{"line":38,"column":75},"end":{"line":38,"column":91}},"locations":[{"start":{"line":38,"column":75},"end":{"line":38,"column":91}}]},"9":{"type":"branch","line":38,"loc":{"start":{"line":38,"column":92},"end":{"line":38,"column":114}},"locations":[{"start":{"line":38,"column":92},"end":{"line":38,"column":114}}]},"10":{"type":"branch","line":47,"loc":{"start":{"line":47,"column":35},"end":{"line":47,"column":61}},"locations":[{"start":{"line":47,"column":35},"end":{"line":47,"column":61}}]},"11":{"type":"branch","line":47,"loc":{"start":{"line":47,"column":62},"end":{"line":47,"column":109}},"locations":[{"start":{"line":47,"column":62},"end":{"line":47,"column":109}}]},"12":{"type":"branch","line":47,"loc":{"start":{"line":47,"column":80},"end":{"line":47,"column":103}},"locations":[{"start":{"line":47,"column":80},"end":{"line":47,"column":103}}]},"13":{"type":"branch","line":43,"loc":{"start":{"line":43,"column":33},"end":{"line":43,"column":51}},"locations":[{"start":{"line":43,"column":33},"end":{"line":43,"column":51}}]},"14":{"type":"branch","line":44,"loc":{"start":{"line":44,"column":36},"end":{"line":44,"column":56}},"locations":[{"start":{"line":44,"column":36},"end":{"line":44,"column":56}}]}},"b":{"0":[4],"1":[0],"2":[3],"3":[5],"4":[2],"5":[3],"6":[3],"7":[5],"8":[4],"9":[1],"10":[2],"11":[2],"12":[0],"13":[11],"14":[11]},"fnMap":{"0":{"name":"calculation","decl":{"start":{"line":2,"column":-1},"end":{"line":53,"column":3}},"loc":{"start":{"line":2,"column":-1},"end":{"line":53,"column":3}},"line":2}},"f":{"0":4}}
}
